[0.009s] Invoking command in '/home/pb/Documents/R2/build/lunar_nav': CMAKE_PREFIX_PATH=${CMAKE_PREFIX_PATH}:/opt/ros/humble /usr/bin/cmake --build /home/pb/Documents/R2/build/lunar_nav -- -j20 -l20
[0.048s] failed to create symbolic link '/home/pb/Documents/R2/build/lunar_nav/ament_cmake_python/lunar_nav/lunar_nav' because existing path cannot be removed: Is a directory
[0.049s] [  2%] Built target lunar_nav__cpp
[0.049s] gmake[2]: *** [CMakeFiles/ament_cmake_python_symlink_lunar_nav.dir/build.make:70: CMakeFiles/ament_cmake_python_symlink_lunar_nav] Error 1
[0.049s] gmake[1]: *** [CMakeFiles/Makefile2:421: CMakeFiles/ament_cmake_python_symlink_lunar_nav.dir/all] Error 2
[0.049s] gmake[1]: *** Waiting for unfinished jobs....
[0.049s] [ 12%] Built target lunar_nav__rosidl_generator_c
[0.050s] gmake: *** [Makefile:146: all] Error 2
[0.052s] Invoked command in '/home/pb/Documents/R2/build/lunar_nav' returned '2': CMAKE_PREFIX_PATH=${CMAKE_PREFIX_PATH}:/opt/ros/humble /usr/bin/cmake --build /home/pb/Documents/R2/build/lunar_nav -- -j20 -l20
